<?xml version="1.0" encoding="UTF-8"?>
<!-- Generated by org.testng.reporters.JUnitReportReporter -->
<testsuite hostname="DESKTOP-140R5E4" failures="0" tests="5" name="testCases.TC03_AccLoginWithDDT" time="38.089" errors="0" timestamp="2025-05-19T17:26:12 IST" skipped="0">
  <testcase classname="testCases.TC03_AccLoginWithDDT" name="acc_login_DDT" time="10.652"/>
  <testcase classname="testCases.TC03_AccLoginWithDDT" name="acc_login_DDT" time="2.564"/>
  <testcase classname="testCases.TC03_AccLoginWithDDT" name="acc_login_DDT" time="11.467"/>
  <testcase classname="testCases.TC03_AccLoginWithDDT" name="acc_login_DDT" time="2.270"/>
  <testcase classname="testCases.TC03_AccLoginWithDDT" name="acc_login_DDT" time="11.136"/>
</testsuite> <!-- testCases.TC03_AccLoginWithDDT -->
