<?xml version="1.0" encoding="UTF-8"?>
<!-- Generated by org.testng.reporters.JUnitReportReporter -->
<testsuite hostname="DESKTOP-140R5E4" failures="0" tests="1" name="testCases.TC01_NewAccRegistration" time="9.415" errors="0" timestamp="2025-05-22T12:00:18 IST" skipped="0">
  <testcase classname="testCases.TC01_NewAccRegistration" name="verify_acc_registrations" time="9.415"/>
</testsuite> <!-- testCases.TC01_NewAccRegistration -->
