<?xml version="1.0" encoding="UTF-8"?>
<!-- Generated by org.testng.reporters.JUnitReportReporter -->
<testsuite hostname="DESKTOP-140R5E4" failures="0" tests="1" name="testCases.TC02_AccLogin" time="2.431" errors="0" timestamp="2025-05-22T12:25:02 IST" skipped="0">
  <testcase classname="testCases.TC02_AccLogin" name="acc_login" time="2.431"/>
</testsuite> <!-- testCases.TC02_AccLogin -->
